<?xml version="1.0" encoding="UTF-8"?>
<!-- Generated by org.testng.reporters.JUnitReportReporter -->
<testsuite skipped="0" hostname="DESKTOP-Q6H280O" name="api.test.DDTests" tests="9" failures="0" timestamp="2024-02-28T14:25:54 EST" time="7.320" errors="0">
  <testcase name="testPostUser" time="0.195" classname="api.test.DDTests"/>
  <system-out/>
  <testcase name="testPostUser" time="0.165" classname="api.test.DDTests"/>
  <system-out/>
  <testcase name="testPostUser" time="5.800" classname="api.test.DDTests"/>
  <system-out/>
  <testcase name="testgetUser" time="0.195" classname="api.test.DDTests"/>
  <system-out/>
  <testcase name="testgetUser" time="0.158" classname="api.test.DDTests"/>
  <system-out/>
  <testcase name="testgetUser" time="0.337" classname="api.test.DDTests"/>
  <system-out/>
  <testcase name="testDeleteUserByName" time="0.148" classname="api.test.DDTests"/>
  <system-out/>
  <testcase name="testDeleteUserByName" time="0.158" classname="api.test.DDTests"/>
  <system-out/>
  <testcase name="testDeleteUserByName" time="0.164" classname="api.test.DDTests"/>
  <system-out/>
</testsuite> <!-- api.test.DDTests -->
