<?xml version="1.0" encoding="UTF-8"?>
<!-- Generated by org.testng.reporters.JUnitReportReporter -->
<testsuite skipped="0" hostname="DESKTOP-Q6H280O" name="api.test.UserTests" tests="4" failures="0" timestamp="2024-02-28T14:25:54 EST" time="0.873" errors="0">
  <testcase name="testPostUser" time="0.240" classname="api.test.UserTests"/>
  <system-out/>
  <testcase name="testGetUser" time="0.162" classname="api.test.UserTests"/>
  <system-out/>
  <testcase name="updateUser" time="0.322" classname="api.test.UserTests"/>
  <system-out/>
  <testcase name="testDeletetUser" time="0.149" classname="api.test.UserTests"/>
  <system-out/>
</testsuite> <!-- api.test.UserTests -->
