<?xml version="1.0" encoding="UTF-8"?>
<!-- Generated by org.testng.reporters.JUnitReportReporter -->
<testsuite skipped="0" hostname="DESKTOP-Q6H280O" name="api.test.PetTests" tests="4" failures="0" timestamp="2024-04-26T13:33:34 EDT" time="0.838" errors="0">
  <testcase name="testPostPet" time="0.190" classname="api.test.PetTests"/>
  <system-out/>
  <testcase name="testGetPetById" time="0.188" classname="api.test.PetTests"/>
  <system-out/>
  <testcase name="testUpdatePet" time="0.317" classname="api.test.PetTests"/>
  <system-out/>
  <testcase name="testDeletetPet" time="0.143" classname="api.test.PetTests"/>
  <system-out/>
</testsuite> <!-- api.test.PetTests -->
