<?xml version="1.0" encoding="UTF-8"?>
<!-- Generated by org.testng.reporters.JUnitReportReporter -->
<testsuite skipped="0" hostname="DESKTOP-Q6H280O" name="api.test.DDTests" tests="9" failures="0" timestamp="2024-04-26T13:33:34 EDT" time="1.368" errors="0">
  <testcase name="testPostUser" time="0.148" classname="api.test.DDTests"/>
  <system-out/>
  <testcase name="testPostUser" time="0.171" classname="api.test.DDTests"/>
  <system-out/>
  <testcase name="testPostUser" time="0.150" classname="api.test.DDTests"/>
  <system-out/>
  <testcase name="testgetUser" time="0.144" classname="api.test.DDTests"/>
  <system-out/>
  <testcase name="testgetUser" time="0.141" classname="api.test.DDTests"/>
  <system-out/>
  <testcase name="testgetUser" time="0.155" classname="api.test.DDTests"/>
  <system-out/>
  <testcase name="testDeleteUserByName" time="0.155" classname="api.test.DDTests"/>
  <system-out/>
  <testcase name="testDeleteUserByName" time="0.162" classname="api.test.DDTests"/>
  <system-out/>
  <testcase name="testDeleteUserByName" time="0.142" classname="api.test.DDTests"/>
  <system-out/>
</testsuite> <!-- api.test.DDTests -->
