<?xml version="1.0" encoding="UTF-8"?>
<!-- Generated by org.testng.reporters.JUnitReportReporter -->
<testsuite skipped="0" hostname="DESKTOP-Q6H280O" name="api.test.UserTests2" tests="4" failures="0" timestamp="2024-04-26T13:33:34 EDT" time="0.825" errors="0">
  <testcase name="testPostUser" time="0.177" classname="api.test.UserTests2"/>
  <system-out/>
  <testcase name="testGetUser" time="0.168" classname="api.test.UserTests2"/>
  <system-out/>
  <testcase name="updateUser" time="0.320" classname="api.test.UserTests2"/>
  <system-out/>
  <testcase name="testDeletetUser" time="0.160" classname="api.test.UserTests2"/>
  <system-out/>
</testsuite> <!-- api.test.UserTests2 -->
