<?xml version="1.0" encoding="UTF-8"?>
<!-- Generated by org.testng.reporters.JUnitReportReporter -->
<testsuite skipped="0" hostname="DESKTOP-Q6H280O" name="api.test.UserTests" tests="4" failures="0" timestamp="2024-04-26T13:33:34 EDT" time="4.259" errors="0">
  <testcase name="testPostUser" time="3.573" classname="api.test.UserTests"/>
  <system-out/>
  <testcase name="testGetUser" time="0.234" classname="api.test.UserTests"/>
  <system-out/>
  <testcase name="updateUser" time="0.302" classname="api.test.UserTests"/>
  <system-out/>
  <testcase name="testDeletetUser" time="0.150" classname="api.test.UserTests"/>
  <system-out/>
</testsuite> <!-- api.test.UserTests -->
